<?xml version="1.0" encoding="UTF-8"?>
<testsuite xmlns:xsi="http://www.w3.org/2001/XMLSchema-instance" xsi:noNamespaceSchemaLocation="https://maven.apache.org/surefire/maven-surefire-plugin/xsd/surefire-test-report-3.0.xsd" version="3.0" name="com.hrms.runners.APIRunner" time="7.663" tests="2" errors="0" skipped="0" failures="0">
  <properties>
[...]
</properties>
  <testcase name="Creating an employee" classname="Syntax HRMS API Workflow" time="5.774">
    <system-out><![CDATA[
@APIworkflow
Scenario: Creating an employee                                                                            # src/test/resources/features/APIWorkflow.feature:10
  Given a JWT is generated                                                                                # com.hrms.API.Final.steps.GenerateTokenSteps.a_JWT_is_generated()
  Given a request is prepared to create an employee                                                       # com.hrms.API.Final.steps.APIFinalSteps.a_request_is_prepared_to_create_an_employee()
  When a POST call is made to create an employee                                                          # com.hrms.API.Final.steps.APIFinalSteps.a_POST_call_is_made_to_create_an_employee()
  Then the status code for creating an employee is 201                                                    # com.hrms.API.Final.steps.APIFinalSteps.the_status_code_for_creating_an_employee_is(int)
  And the employee is created contains key "Message" and value "Entry Created"                            # com.hrms.API.Final.steps.APIFinalSteps.the_employee_is_created_contains_key_and_value(java.lang.String,java.lang.String)
  And the employee ID "Employee[0].employee_id" is stored as a global variable to be used for other calls # com.hrms.API.Final.steps.APIFinalSteps.the_employee_ID_is_stored_as_a_global_variable_to_be_used_for_other_calls(java.lang.String)
]]></system-out>
    <system-err><![CDATA[Oct 31, 2020 2:56:57 PM io.cucumber.junit.Cucumber <init>
WARNING: By default Cucumber is running in --non-strict mode.
This default will change to --strict and --non-strict will be removed.
You can use --strict or @CucumberOptions(strict = true) to suppress this warning
]]></system-err>
  </testcase>
  <testcase name="Retrieving created employee" classname="Syntax HRMS API Workflow" time="0.515">
    <system-out><![CDATA[
@APIworkflow
Scenario: Retrieving created employee                                                                                             # src/test/resources/features/APIWorkflow.feature:18
  Given a JWT is generated                                                                                                        # com.hrms.API.Final.steps.GenerateTokenSteps.a_JWT_is_generated()
  Given a request is prepared to retrieve the created employee                                                                    # com.hrms.API.Final.steps.APIFinalSteps.a_request_is_prepared_to_retrieve_the_created_employee()
  When a GET call is made to retrieve the created employee                                                                        # com.hrms.API.Final.steps.APIFinalSteps.a_GET_call_is_made_to_retrieve_the_created_employee()
  Then the status code for retrieving the created employee is 200                                                                 # com.hrms.API.Final.steps.APIFinalSteps.the_status_code_for_retrieving_the_created_employee_is(int)
  And the retrieved employee ID "employee[0].employee_id" matches the globally stored employee ID                                 # com.hrms.API.Final.steps.APIFinalSteps.the_retrieved_employee_ID_matches_the_globally_stored_employee_ID(java.lang.String)
  And And the retrieved data at "employee" matches the data used to create an employee with employee ID "employee[0].employee_id" # com.hrms.API.Final.steps.APIFinalSteps.and_the_retrieved_data_at_matches_the_data_used_to_create_an_employee_with_employee_ID(java.lang.String,java.lang.String,io.cucumber.datatable.DataTable)
]]></system-out>
  </testcase>
</testsuite>